14/09/23 03:09:43 AM Thursday - <module> - INFO : Launch App
14/09/23 03:09:43 AM Thursday - BasePage - INFO : Save Screenshot to the Path: ../screenshots/Launch App_14_09_23_03_09_43.png
14/09/23 03:09:43 AM Thursday - BasePage - INFO : Element with LocatorType: id and LocatorValue: com.code2lead.kwad:id/ContactUs is displayed
14/09/23 03:09:43 AM Thursday - BasePage - INFO : Clicked on Element with LocatorType: id and LocatorValue: com.code2lead.kwad:id/ContactUs
14/09/23 03:09:46 AM Thursday - BasePage - INFO : Send text on Element with LocatorType: id and LocatorValue: com.code2lead.kwad:id/Et2
14/09/23 03:09:47 AM Thursday - BasePage - INFO : Send text on Element with LocatorType: id and LocatorValue: com.code2lead.kwad:id/Et3
14/09/23 03:09:48 AM Thursday - BasePage - INFO : Send text on Element with LocatorType: id and LocatorValue: com.code2lead.kwad:id/Et6
14/09/23 03:09:49 AM Thursday - BasePage - INFO : Send text on Element with LocatorType: id and LocatorValue: com.code2lead.kwad:id/Et7
14/09/23 03:09:49 AM Thursday - BasePage - INFO : Clicked on Element with LocatorType: id and LocatorValue: com.code2lead.kwad:id/Btn2
14/09/23 03:09:50 AM Thursday - BasePage - INFO : Save Screenshot to the Path: ../screenshots/Contact Us Form_14_09_23_03_09_49.png
15/09/23 06:40:29 PM Friday - BasePage - INFO : Clicked on Element with LocatorType: id and LocatorValue: com.code2lead.kwad:id/ContactUs
15/09/23 06:40:30 PM Friday - BasePage - INFO : Element with LocatorType: text and LocatorValue: Contact Us form is displayed
15/09/23 06:40:31 PM Friday - BasePage - INFO : Send text on Element with LocatorType: id and LocatorValue: com.code2lead.kwad:id/Et2
15/09/23 06:40:32 PM Friday - BasePage - INFO : Send text on Element with LocatorType: id and LocatorValue: com.code2lead.kwad:id/Et3
15/09/23 06:40:33 PM Friday - BasePage - INFO : Send text on Element with LocatorType: id and LocatorValue: com.code2lead.kwad:id/Et6
15/09/23 06:40:34 PM Friday - BasePage - INFO : Send text on Element with LocatorType: id and LocatorValue: com.code2lead.kwad:id/Et7
15/09/23 06:40:34 PM Friday - BasePage - INFO : Clicked on Element with LocatorType: id and LocatorValue: com.code2lead.kwad:id/Btn2
15/09/23 06:40:45 PM Friday - BasePage - INFO : Clicked on Element with LocatorType: id and LocatorValue: com.code2lead.kwad:id/Login
15/09/23 06:40:47 PM Friday - BasePage - INFO : Send text on Element with LocatorType: text and LocatorValue: Enter Email
15/09/23 06:40:48 PM Friday - BasePage - INFO : Send text on Element with LocatorType: text and LocatorValue: Enter Password
15/09/23 06:40:48 PM Friday - BasePage - INFO : Clicked on Element with LocatorType: text and LocatorValue: LOGIN
15/09/23 06:41:13 PM Friday - BasePage - INFO : Element with LocatorType: text and LocatorValue: Enter Admin is not displayed
15/09/23 06:41:15 PM Friday - BasePage - INFO : Clicked on Element with LocatorType: id and LocatorValue: com.code2lead.kwad:id/Login
15/09/23 06:41:17 PM Friday - BasePage - INFO : Send text on Element with LocatorType: text and LocatorValue: Enter Email
15/09/23 06:41:18 PM Friday - BasePage - INFO : Send text on Element with LocatorType: text and LocatorValue: Enter Password
15/09/23 06:41:19 PM Friday - BasePage - INFO : Clicked on Element with LocatorType: text and LocatorValue: LOGIN
15/09/23 06:41:20 PM Friday - BasePage - INFO : Element with LocatorType: text and LocatorValue: Enter Admin is displayed
15/09/23 06:41:20 PM Friday - BasePage - INFO : Send text on Element with LocatorType: id and LocatorValue: com.code2lead.kwad:id/Edt_admin
15/09/23 06:41:21 PM Friday - BasePage - INFO : Clicked on Element with LocatorType: id and LocatorValue: com.code2lead.kwad:id/Btn_admin_sub
16/09/23 02:35:56 AM Saturday - BasePage - INFO : Clicked on Element with LocatorType: id and LocatorValue: com.code2lead.kwad:id/ContactUs
16/09/23 02:35:58 AM Saturday - BasePage - INFO : Element with LocatorType: text and LocatorValue: Contact Us form is displayed
16/09/23 02:35:59 AM Saturday - BasePage - INFO : Send text on Element with LocatorType: id and LocatorValue: com.code2lead.kwad:id/Et2
16/09/23 02:36:00 AM Saturday - BasePage - INFO : Send text on Element with LocatorType: id and LocatorValue: com.code2lead.kwad:id/Et3
16/09/23 02:36:00 AM Saturday - BasePage - INFO : Send text on Element with LocatorType: id and LocatorValue: com.code2lead.kwad:id/Et6
16/09/23 02:36:01 AM Saturday - BasePage - INFO : Send text on Element with LocatorType: id and LocatorValue: com.code2lead.kwad:id/Et7
16/09/23 02:36:02 AM Saturday - BasePage - INFO : Clicked on Element with LocatorType: id and LocatorValue: com.code2lead.kwad:id/Btn2
16/09/23 02:36:58 AM Saturday - BasePage - INFO : Unable to click on Element with LocatorType: id and LocatorValue: com.code2lead.kwad:id/Login
16/09/23 02:37:24 AM Saturday - BasePage - INFO : Unable to send text on Element with LocatorType: text and LocatorValue: Enter Email
16/09/23 02:38:52 AM Saturday - BasePage - INFO : Clicked on Element with LocatorType: id and LocatorValue: com.code2lead.kwad:id/Login
16/09/23 02:38:54 AM Saturday - BasePage - INFO : Send text on Element with LocatorType: text and LocatorValue: Enter Email
16/09/23 02:38:55 AM Saturday - BasePage - INFO : Send text on Element with LocatorType: text and LocatorValue: Enter Password
16/09/23 02:38:56 AM Saturday - BasePage - INFO : Clicked on Element with LocatorType: text and LocatorValue: LOGIN
16/09/23 02:39:21 AM Saturday - BasePage - INFO : Element with LocatorType: text and LocatorValue: Enter Admin is not displayed
16/09/23 02:39:24 AM Saturday - BasePage - INFO : Clicked on Element with LocatorType: id and LocatorValue: com.code2lead.kwad:id/Login
16/09/23 02:39:27 AM Saturday - BasePage - INFO : Send text on Element with LocatorType: text and LocatorValue: Enter Email
16/09/23 02:39:28 AM Saturday - BasePage - INFO : Send text on Element with LocatorType: text and LocatorValue: Enter Password
16/09/23 02:39:29 AM Saturday - BasePage - INFO : Clicked on Element with LocatorType: text and LocatorValue: LOGIN
16/09/23 02:39:30 AM Saturday - BasePage - INFO : Element with LocatorType: text and LocatorValue: Enter Admin is displayed
16/09/23 02:39:31 AM Saturday - BasePage - INFO : Send text on Element with LocatorType: id and LocatorValue: com.code2lead.kwad:id/Edt_admin
16/09/23 02:39:32 AM Saturday - BasePage - INFO : Clicked on Element with LocatorType: id and LocatorValue: com.code2lead.kwad:id/Btn_admin_sub
16/09/23 02:40:56 AM Saturday - BasePage - INFO : Clicked on Element with LocatorType: id and LocatorValue: com.code2lead.kwad:id/ContactUs
16/09/23 02:40:57 AM Saturday - BasePage - INFO : Element with LocatorType: text and LocatorValue: Contact Us form is displayed
16/09/23 02:40:59 AM Saturday - BasePage - INFO : Send text on Element with LocatorType: id and LocatorValue: com.code2lead.kwad:id/Et2
16/09/23 02:40:59 AM Saturday - BasePage - INFO : Send text on Element with LocatorType: id and LocatorValue: com.code2lead.kwad:id/Et3
16/09/23 02:41:00 AM Saturday - BasePage - INFO : Send text on Element with LocatorType: id and LocatorValue: com.code2lead.kwad:id/Et6
16/09/23 02:41:00 AM Saturday - BasePage - INFO : Send text on Element with LocatorType: id and LocatorValue: com.code2lead.kwad:id/Et7
16/09/23 02:41:01 AM Saturday - BasePage - INFO : Clicked on Element with LocatorType: id and LocatorValue: com.code2lead.kwad:id/Btn2
16/09/23 02:41:15 AM Saturday - BasePage - INFO : Clicked on Element with LocatorType: id and LocatorValue: com.code2lead.kwad:id/Login
16/09/23 02:41:17 AM Saturday - BasePage - INFO : Send text on Element with LocatorType: text and LocatorValue: Enter Email
16/09/23 02:41:19 AM Saturday - BasePage - INFO : Send text on Element with LocatorType: text and LocatorValue: Enter Password
16/09/23 02:41:20 AM Saturday - BasePage - INFO : Clicked on Element with LocatorType: text and LocatorValue: LOGIN
16/09/23 02:41:46 AM Saturday - BasePage - INFO : Element with LocatorType: text and LocatorValue: Enter Admin is not displayed
16/09/23 02:41:48 AM Saturday - BasePage - INFO : Clicked on Element with LocatorType: id and LocatorValue: com.code2lead.kwad:id/Login
16/09/23 02:41:50 AM Saturday - BasePage - INFO : Send text on Element with LocatorType: text and LocatorValue: Enter Email
16/09/23 02:41:51 AM Saturday - BasePage - INFO : Send text on Element with LocatorType: text and LocatorValue: Enter Password
16/09/23 02:41:51 AM Saturday - BasePage - INFO : Clicked on Element with LocatorType: text and LocatorValue: LOGIN
16/09/23 02:41:54 AM Saturday - BasePage - INFO : Element with LocatorType: text and LocatorValue: Enter Admin is displayed
16/09/23 02:41:54 AM Saturday - BasePage - INFO : Send text on Element with LocatorType: id and LocatorValue: com.code2lead.kwad:id/Edt_admin
16/09/23 02:41:55 AM Saturday - BasePage - INFO : Clicked on Element with LocatorType: id and LocatorValue: com.code2lead.kwad:id/Btn_admin_sub
